#
# There is insufficient memory for the Java Runtime Environment to continue.
# Native memory allocation (mmap) failed to map 65536 bytes. Error detail: Failed to commit metaspace.
# Possible reasons:
#   The system is out of physical RAM or swap space
#   This process is running with CompressedOops enabled, and the Java Heap may be blocking the growth of the native heap
# Possible solutions:
#   Reduce memory load on the system
#   Increase physical memory or swap space
#   Check if swap backing store is full
#   Decrease Java heap size (-Xmx/-Xms)
#   Decrease number of Java threads
#   Decrease Java thread stack sizes (-Xss)
#   Set larger code cache with -XX:ReservedCodeCacheSize=
#   JVM is running with Unscaled Compressed Oops mode in which the Java heap is
#     placed in the first 4GB address space. The Java Heap base address is the
#     maximum limit for the native heap growth. Please use -XX:HeapBaseMinAddress
#     to set the Java Heap base and to place the Java Heap above 4GB virtual address.
# This output file may be truncated or incomplete.
#
#  Out of Memory Error (virtualSpaceNode.cpp:113), pid=25848, tid=19360
#
# JRE version: Java(TM) SE Runtime Environment (24.0.1+9) (build 24.0.1+9-30)
# Java VM: Java HotSpot(TM) 64-Bit Server VM (24.0.1+9-30, mixed mode, emulated-client, sharing, tiered, compressed oops, compressed class ptrs, g1 gc, windows-amd64)
# No core dump will be written. Minidumps are not enabled by default on client versions of Windows
#

---------------  S U M M A R Y ------------

Command Line: -XX:TieredStopAtLevel=1 com.LAAS.project_backend.ProjectBackendApplication

Host: AMD Ryzen 3 3200U with Radeon Vega Mobile Gfx  , 4 cores, 5G,  Windows 11 , 64 bit Build 26100 (10.0.26100.5074)
Time: Mon Sep  8 11:51:00 2025 India Standard Time elapsed time: 1.852888 seconds (0d 0h 0m 1s)

---------------  T H R E A D  ---------------

Current thread (0x000001dd48e9d4c0):  JavaThread "main"             [_thread_in_vm, id=19360, stack(0x00000087ab200000,0x00000087ab300000) (1024K)]

Stack: [0x00000087ab200000,0x00000087ab300000]
Native frames: (J=compiled Java code, j=interpreted, Vv=VM code, C=native code)
V  [jvm.dll+0x730739]  (no source info available)
V  [jvm.dll+0x8d9b23]  (no source info available)
V  [jvm.dll+0x8dc00d]  (no source info available)
V  [jvm.dll+0x8dc683]  (no source info available)
V  [jvm.dll+0x2aa086]  (no source info available)
V  [jvm.dll+0x8d56de]  (no source info available)
V  [jvm.dll+0x6ccd85]  (no source info available)
V  [jvm.dll+0x6ccdea]  (no source info available)
V  [jvm.dll+0x6cf800]  (no source info available)
V  [jvm.dll+0x6cf567]  (no source info available)
V  [jvm.dll+0x24c75c]  (no source info available)
V  [jvm.dll+0x6cd7a8]  (no source info available)
V  [jvm.dll+0x28f91f]  (no source info available)
V  [jvm.dll+0x6d8a14]  (no source info available)
V  [jvm.dll+0x23ac7b]  (no source info available)
V  [jvm.dll+0x23b0ca]  (no source info available)
V  [jvm.dll+0x23bab4]  (no source info available)
V  [jvm.dll+0x2315a4]  (no source info available)
V  [jvm.dll+0x6000a3]  (no source info available)
V  [jvm.dll+0x24391d]  (no source info available)
V  [jvm.dll+0x84a6be]  (no source info available)
V  [jvm.dll+0x84b878]  (no source info available)
V  [jvm.dll+0x84bdc3]  (no source info available)
V  [jvm.dll+0x84bb06]  (no source info available)
V  [jvm.dll+0x293b78]  (no source info available)
V  [jvm.dll+0x41280e]  (no source info available)
C  0x000001dd53b486d1  (no source info available)

The last pc belongs to new (printed below).
Java frames: (J=compiled Java code, j=interpreted, Vv=VM code)
j  java.lang.reflect.Proxy$ProxyBuilder.proxyClassContext(Ljava/lang/ClassLoader;Ljava/util/List;Ljava/util/Set;)Ljava/lang/reflect/Proxy$ProxyBuilder$ProxyClassContext;+499 java.base@24.0.1
j  java.lang.reflect.Proxy$ProxyBuilder.<init>(Ljava/lang/ClassLoader;Ljava/util/List;)V+89 java.base@24.0.1
j  java.lang.reflect.Proxy$ProxyBuilder.<init>(Ljava/lang/ClassLoader;Ljava/lang/Class;)V+6 java.base@24.0.1
j  java.lang.reflect.Proxy.lambda$getProxyConstructor$0(Ljava/lang/ClassLoader;Ljdk/internal/loader/AbstractClassLoaderValue$Sub;)Ljava/lang/reflect/Constructor;+12 java.base@24.0.1
j  java.lang.reflect.Proxy$$Lambda+0x000001dd01052870.apply(Ljava/lang/Object;Ljava/lang/Object;)Ljava/lang/Object;+8 java.base@24.0.1
j  jdk.internal.loader.AbstractClassLoaderValue$Memoizer.get()Ljava/lang/Object;+75 java.base@24.0.1
j  jdk.internal.loader.AbstractClassLoaderValue.computeIfAbsent(Ljava/lang/ClassLoader;Ljava/util/function/BiFunction;)Ljava/lang/Object;+63 java.base@24.0.1
j  java.lang.reflect.Proxy.getProxyConstructor(Ljava/lang/ClassLoader;[Ljava/lang/Class;)Ljava/lang/reflect/Constructor;+23 java.base@24.0.1
j  java.lang.reflect.Proxy.newProxyInstance(Ljava/lang/ClassLoader;[Ljava/lang/Class;Ljava/lang/reflect/InvocationHandler;)Ljava/lang/Object;+7 java.base@24.0.1
j  sun.reflect.annotation.AnnotationParser.annotationForMap(Ljava/lang/Class;Ljava/util/Map;)Ljava/lang/annotation/Annotation;+21 java.base@24.0.1
j  sun.reflect.annotation.AnnotationParser.parseAnnotation2(Ljava/nio/ByteBuffer;Ljdk/internal/reflect/ConstantPool;Ljava/lang/Class;Z[Ljava/lang/Class;)Ljava/lang/annotation/Annotation;+271 java.base@24.0.1
j  sun.reflect.annotation.AnnotationParser.parseAnnotations2([BLjdk/internal/reflect/ConstantPool;Ljava/lang/Class;[Ljava/lang/Class;)Ljava/util/Map;+41 java.base@24.0.1
j  sun.reflect.annotation.AnnotationParser.parseSelectAnnotations([BLjdk/internal/reflect/ConstantPool;Ljava/lang/Class;[Ljava/lang/Class;)Ljava/util/Map;+12 java.base@24.0.1
j  sun.reflect.annotation.AnnotationType.<init>(Ljava/lang/Class;)V+280 java.base@24.0.1
j  sun.reflect.annotation.AnnotationType.getInstance(Ljava/lang/Class;)Lsun/reflect/annotation/AnnotationType;+21 java.base@24.0.1
j  sun.reflect.annotation.AnnotationParser.parseAnnotation2(Ljava/nio/ByteBuffer;Ljdk/internal/reflect/ConstantPool;Ljava/lang/Class;Z[Ljava/lang/Class;)Ljava/lang/annotation/Annotation;+103 java.base@24.0.1
j  sun.reflect.annotation.AnnotationParser.parseAnnotations2([BLjdk/internal/reflect/ConstantPool;Ljava/lang/Class;[Ljava/lang/Class;)Ljava/util/Map;+41 java.base@24.0.1
j  sun.reflect.annotation.AnnotationParser.parseAnnotations([BLjdk/internal/reflect/ConstantPool;Ljava/lang/Class;)Ljava/util/Map;+12 java.base@24.0.1
j  java.lang.Class.createAnnotationData(I)Ljava/lang/Class$AnnotationData;+9 java.base@24.0.1
j  java.lang.Class.annotationData()Ljava/lang/Class$AnnotationData;+26 java.base@24.0.1
j  java.lang.Class.getDeclaredAnnotations()[Ljava/lang/annotation/Annotation;+1 java.base@24.0.1
j  org.springframework.core.annotation.AnnotationsScanner.getDeclaredAnnotations(Ljava/lang/reflect/AnnotatedElement;Z)[Ljava/lang/annotation/Annotation;+25
j  org.springframework.core.annotation.AnnotationsScanner.processClassHierarchy(Ljava/lang/Object;[ILjava/lang/Class;Lorg/springframework/core/annotation/AnnotationsProcessor;ZLjava/util/function/Predicate;)Ljava/lang/Object;+31
j  org.springframework.core.annotation.AnnotationsScanner.processClassHierarchy(Ljava/lang/Object;[ILjava/lang/Class;Lorg/springframework/core/annotation/AnnotationsProcessor;ZLjava/util/function/Predicate;)Ljava/lang/Object;+107
j  org.springframework.core.annotation.AnnotationsScanner.processClassHierarchy(Ljava/lang/Object;Ljava/lang/Class;Lorg/springframework/core/annotation/AnnotationsProcessor;ZLjava/util/function/Predicate;)Ljava/lang/Object;+13
j  org.springframework.core.annotation.AnnotationsScanner.processClass(Ljava/lang/Object;Ljava/lang/Class;Lorg/springframework/core/annotation/MergedAnnotations$SearchStrategy;Ljava/util/function/Predicate;Lorg/springframework/core/annotation/AnnotationsProcessor;)Ljava/lang/Object;+88
j  org.springframework.core.annotation.AnnotationsScanner.process(Ljava/lang/Object;Ljava/lang/reflect/AnnotatedElement;Lorg/springframework/core/annotation/MergedAnnotations$SearchStrategy;Ljava/util/function/Predicate;Lorg/springframework/core/annotation/AnnotationsProcessor;)Ljava/lang/Object;+20
j  org.springframework.core.annotation.AnnotationsScanner.scan(Ljava/lang/Object;Ljava/lang/reflect/AnnotatedElement;Lorg/springframework/core/annotation/MergedAnnotations$SearchStrategy;Ljava/util/function/Predicate;Lorg/springframework/core/annotation/AnnotationsProcessor;)Ljava/lang/Object;+6
j  org.springframework.core.annotation.TypeMappedAnnotations.scan(Ljava/lang/Object;Lorg/springframework/core/annotation/AnnotationsProcessor;)Ljava/lang/Object;+60
j  org.springframework.core.annotation.TypeMappedAnnotations.get(Ljava/lang/Class;Ljava/util/function/Predicate;Lorg/springframework/core/annotation/MergedAnnotationSelector;)Lorg/springframework/core/annotation/MergedAnnotation;+30
j  org.springframework.core.annotation.TypeMappedAnnotations.get(Ljava/lang/Class;)Lorg/springframework/core/annotation/MergedAnnotation;+4
j  org.springframework.core.annotation.OrderUtils.findOrder(Lorg/springframework/core/annotation/MergedAnnotations;)Ljava/lang/Integer;+3
j  org.springframework.core.annotation.OrderUtils.getOrderFromAnnotations(Ljava/lang/reflect/AnnotatedElement;Lorg/springframework/core/annotation/MergedAnnotations;)Ljava/lang/Integer;+45
j  org.springframework.core.annotation.AnnotationAwareOrderComparator.findOrderFromAnnotation(Ljava/lang/Object;)Ljava/lang/Integer;+31
j  org.springframework.core.annotation.AnnotationAwareOrderComparator.findOrder(Ljava/lang/Object;)Ljava/lang/Integer;+14
j  org.springframework.core.OrderComparator.getOrder(Ljava/lang/Object;)I+6
j  org.springframework.core.OrderComparator.getOrder(Ljava/lang/Object;Lorg/springframework/core/OrderComparator$OrderSourceProvider;)I+107
j  org.springframework.core.OrderComparator.doCompare(Ljava/lang/Object;Ljava/lang/Object;Lorg/springframework/core/OrderComparator$OrderSourceProvider;)I+39
j  org.springframework.core.OrderComparator.compare(Ljava/lang/Object;Ljava/lang/Object;)I+4
j  java.util.TimSort.countRunAndMakeAscending([Ljava/lang/Object;IILjava/util/Comparator;)I+43 java.base@24.0.1
j  java.util.TimSort.sort([Ljava/lang/Object;IILjava/util/Comparator;[Ljava/lang/Object;II)V+60 java.base@24.0.1
j  java.util.Arrays.sort([Ljava/lang/Object;IILjava/util/Comparator;)V+43 java.base@24.0.1
j  java.util.ArrayList.sortRange(Ljava/util/Comparator;II)V+13 java.base@24.0.1
j  java.util.ArrayList.sort(Ljava/util/Comparator;)V+7 java.base@24.0.1
j  org.springframework.core.annotation.AnnotationAwareOrderComparator.sort(Ljava/util/List;)V+14
j  org.springframework.core.io.support.SpringFactoriesLoader.load(Ljava/lang/Class;Lorg/springframework/core/io/support/SpringFactoriesLoader$ArgumentResolver;Lorg/springframework/core/io/support/SpringFactoriesLoader$FailureHandler;)Ljava/util/List;+124
j  org.springframework.core.io.support.SpringFactoriesLoader.load(Ljava/lang/Class;Lorg/springframework/core/io/support/SpringFactoriesLoader$ArgumentResolver;)Ljava/util/List;+4
j  org.springframework.boot.SpringApplication.getSpringFactoriesInstances(Ljava/lang/Class;Lorg/springframework/core/io/support/SpringFactoriesLoader$ArgumentResolver;)Ljava/util/List;+9
j  org.springframework.boot.SpringApplication.getSpringFactoriesInstances(Ljava/lang/Class;)Ljava/util/List;+3
j  org.springframework.boot.SpringApplication.<init>(Lorg/springframework/core/io/ResourceLoader;[Ljava/lang/Class;)V+108
j  org.springframework.boot.SpringApplication.<init>([Ljava/lang/Class;)V+3
j  org.springframework.boot.SpringApplication.run([Ljava/lang/Class;[Ljava/lang/String;)Lorg/springframework/context/ConfigurableApplicationContext;+5
j  org.springframework.boot.SpringApplication.run(Ljava/lang/Class;[Ljava/lang/String;)Lorg/springframework/context/ConfigurableApplicationContext;+9
j  com.LAAS.project_backend.ProjectBackendApplication.main([Ljava/lang/String;)V+3
v  ~StubRoutines::call_stub 0x000001dd53b30fcd
Lock stack of current Java thread (top to bottom):
LockStack[0]: jdk.internal.loader.AbstractClassLoaderValue$Memoizer 
{0x00000000a7170bd0} - klass: 'jdk/internal/loader/AbstractClassLoaderValue$Memoizer' - flags: 

 - ---- fields (total size 5 words):
 - private 'inCall' 'Z' @12  true (0x01)
 - private final 'cl' 'Ljava/lang/ClassLoader;' @16  null (0x00000000)
 - private final 'clv' 'Ljdk/internal/loader/AbstractClassLoaderValue;' @20  a 'jdk/internal/loader/AbstractClassLoaderValue$Sub'{0x00000000a7168ea8} (0xa7168ea8)
 - private final 'mappingFunction' 'Ljava/util/function/BiFunction;' @24  a 'java/lang/reflect/Proxy$$Lambda+0x000001dd01052870'{0x00000000a7170a70} (0xa7170a70)
 - private volatile 'v' 'Ljava/lang/Object;' @28  null (0x00000000)
 - private volatile 't' 'Ljava/lang/Throwable;' @32  null (0x00000000)

new  187 new  [0x000001dd53b48580, 0x000001dd53b48740]  448 bytes
[MachCode]
  0x000001dd53b48580: 4883 ec08 | c5fa 1104 | 24eb 1f48 | 83ec 10c5 | fb11 0424 | eb14 4883 | ec10 4889 | 0424 48c7 
  0x000001dd53b485a0: 4424 0800 | 0000 00eb | 0150 410f | b755 010f | cac1 ea10 | 488b 4de8 | 488b 4908 | 488b 4908 
  0x000001dd53b485c0: 488b 4108 | 807c 1004 | 070f 8590 | 0000 0066 | 8b54 d148 | 488b 4928 | 488b 4cd1 | 0851 80b9 
  0x000001dd53b485e0: 4001 0000 | 040f 840d | 0000 004c | 3bb9 4801 | 0000 0f85 | 6600 0000 | 8b51 08f6 | c201 0f85 
  0x000001dd53b48600: 5a00 0000 | 498b 87c8 | 0100 0048 | 8d1c 1049 | 3b9f d801 | 0000 0f87 | 4200 0000 | 4989 9fc8 
  0x000001dd53b48620: 0100 0048 | 83ea 100f | 840f 0000 | 0033 c9c1 | ea03 4889 | 4cd0 0848 | ffca 75f6 | 48c7 0001 
  0x000001dd53b48640: 0000 0059 | 33f6 8970 | 0c49 ba00 | 0000 00dd | 0100 0049 | 2bca 8948 | 08e9 cb00 | 0000 5948 
  0x000001dd53b48660: 8b55 e848 | 8b52 0848 | 8b52 0845 | 0fb7 4501 | 410f c841 | c1e8 10e8 | 0500 0000 | e9a8 0000 
  0x000001dd53b48680: 0048 8d44 | 2408 4c89 | 6dc0 498b | cfc5 f877 | 4989 afb8 | 0300 0049 | 8987 a803 | 0000 4883 
  0x000001dd53b486a0: ec20 40f6 | c40f 0f84 | 1900 0000 | 4883 ec08 | 48b8 c027 | 8a62 fa7f | 0000 ffd0 | 4883 c408 
  0x000001dd53b486c0: e90c 0000 | 0048 b8c0 | 278a 62fa | 7f00 00ff | d048 83c4 | 2049 c787 | a803 0000 | 0000 0000 
  0x000001dd53b486e0: 49c7 87b8 | 0300 0000 | 0000 0049 | c787 b003 | 0000 0000 | 0000 c5f8 | 7749 837f | 0800 0f84 
  0x000001dd53b48700: 0500 0000 | e9b7 87fe | ff49 8b87 | 0004 0000 | 49c7 8700 | 0400 0000 | 0000 004c | 8b6d c04c 
  0x000001dd53b48720: 8b75 c84e | 8d74 f500 | c341 0fb6 | 5d03 4983 | c503 49ba | 3089 1663 | fa7f 0000 | 41ff 24da 
[/MachCode]

---------------  P R O C E S S  ---------------

Threads class SMR info:
_java_thread_list=0x000001dd450fb0b0, length=12, elements={
0x000001dd48e9d4c0, 0x000001dd5ab6f290, 0x000001dd5ab74ad0, 0x000001dd5ab75600,
0x000001dd5ab76130, 0x000001dd5ab76c60, 0x000001dd5ab829c0, 0x000001dd5ab89140,
0x000001dd5abf8330, 0x000001dd5abfb5f0, 0x000001dd45100500, 0x000001dd45100c90
}

Java Threads: ( => current thread )
=>0x000001dd48e9d4c0 JavaThread "main"                              [_thread_in_vm, id=19360, stack(0x00000087ab200000,0x00000087ab300000) (1024K)]
  0x000001dd5ab6f290 JavaThread "Reference Handler"          daemon [_thread_blocked, id=22824, stack(0x00000087aba00000,0x00000087abb00000) (1024K)]
  0x000001dd5ab74ad0 JavaThread "Finalizer"                  daemon [_thread_blocked, id=21552, stack(0x00000087abb00000,0x00000087abc00000) (1024K)]
  0x000001dd5ab75600 JavaThread "Signal Dispatcher"          daemon [_thread_blocked, id=21292, stack(0x00000087abc00000,0x00000087abd00000) (1024K)]
  0x000001dd5ab76130 JavaThread "Attach Listener"            daemon [_thread_blocked, id=13680, stack(0x00000087abd00000,0x00000087abe00000) (1024K)]
  0x000001dd5ab76c60 JavaThread "Service Thread"             daemon [_thread_blocked, id=15016, stack(0x00000087abe00000,0x00000087abf00000) (1024K)]
  0x000001dd5ab829c0 JavaThread "Monitor Deflation Thread"   daemon [_thread_blocked, id=23520, stack(0x00000087abf00000,0x00000087ac000000) (1024K)]
  0x000001dd5ab89140 JavaThread "C1 CompilerThread0"         daemon [_thread_blocked, id=9540, stack(0x00000087ac000000,0x00000087ac100000) (1024K)]
  0x000001dd5abf8330 JavaThread "Notification Thread"        daemon [_thread_blocked, id=21352, stack(0x00000087ac100000,0x00000087ac200000) (1024K)]
  0x000001dd5abfb5f0 JavaThread "Common-Cleaner"             daemon [_thread_blocked, id=10596, stack(0x00000087ac200000,0x00000087ac300000) (1024K)]
  0x000001dd45100500 JavaThread "C1 CompilerThread1"         daemon [_thread_blocked, id=18620, stack(0x00000087ac300000,0x00000087ac400000) (1024K)]
  0x000001dd45100c90 JavaThread "C1 CompilerThread2"         daemon [_thread_blocked, id=15268, stack(0x00000087ac400000,0x00000087ac500000) (1024K)]
Total: 12

Other Threads:
  0x000001dd5ab5e0b0 VMThread "VM Thread"                           [id=22916, stack(0x00000087ab900000,0x00000087aba00000) (1024K)]
  0x000001dd5ab51770 WatcherThread "VM Periodic Task Thread"        [id=25844, stack(0x00000087ab800000,0x00000087ab900000) (1024K)]
  0x000001dd4b2ddb70 WorkerThread "GC Thread#0"                     [id=15740, stack(0x00000087ab300000,0x00000087ab400000) (1024K)]
  0x000001dd4b2ee600 ConcurrentGCThread "G1 Main Marker"            [id=15460, stack(0x00000087ab400000,0x00000087ab500000) (1024K)]
  0x000001dd4b2ef8b0 WorkerThread "G1 Conc#0"                       [id=29480, stack(0x00000087ab500000,0x00000087ab600000) (1024K)]
  0x000001dd4b34e470 ConcurrentGCThread "G1 Refine#0"               [id=11136, stack(0x00000087ab600000,0x00000087ab700000) (1024K)]
  0x000001dd5aa164d0 ConcurrentGCThread "G1 Service"                [id=12700, stack(0x00000087ab700000,0x00000087ab800000) (1024K)]
Total: 7

Threads with active compile tasks:
Total: 0

VM state: not at safepoint (normal execution)

VM Mutex/Monitor currently owned by a thread:  ([mutex/lock_event])
[0x00007ffa631524b0] Metaspace_lock - owner thread: 0x000001dd48e9d4c0

Heap address: 0x00000000a1e00000, size: 1506 MB, Compressed Oops mode: 32-bit

CDS archive(s) mapped at: [0x000001dd00000000-0x000001dd00d40000-0x000001dd00d40000), size 13893632, SharedBaseAddress: 0x000001dd00000000, ArchiveRelocationMode: 1.
Compressed class space mapped at: 0x000001dd01000000-0x000001dd41000000, reserved size: 1073741824
UseCompressedClassPointers 1, UseCompactObjectHeaders 0
Narrow klass pointer bits 32, Max shift 3
Narrow klass base: 0x000001dd00000000, Narrow klass shift: 0
Encoding Range: [0x000001dd00000000 - 0x000001de00000000), (4294967296 bytes)
Klass Range:    [0x000001dd00000000 - 0x000001dd41000000), (1090519040 bytes)
Klass ID Range:  [8 - 1090519033) (1090519025)

GC Precious Log:
 CardTable entry size: 512
 Card Set container configuration: InlinePtr #cards 5 size 8 Array Of Cards #cards 10 size 36 Howl #buckets 4 coarsen threshold 1843 Howl Bitmap #cards 512 size 80 coarsen threshold 460 Card regions per heap region 1 cards per card region 2048
 CPUs: 4 total, 4 available
 Memory: 6020M
 Large Page Support: Disabled
 NUMA Support: Disabled
 Compressed Oops: Enabled (32-bit)
 Heap Region Size: 1M
 Heap Min Capacity: 8M
 Heap Initial Capacity: 96M
 Heap Max Capacity: 1506M
 Pre-touch: Disabled
 Parallel Workers: 4
 Concurrent Workers: 1
 Concurrent Refinement Workers: 4
 Periodic GC: Disabled

Heap:
 garbage-first heap   total reserved 1542144K, committed 100352K, used 15476K [0x00000000a1e00000, 0x0000000100000000)
  region size 1024K, 13 young (13312K), 0 survivors (0K)
 Metaspace       used 2233K, committed 2368K, reserved 1114112K
  class space    used 207K, committed 320K, reserved 1048576K

Heap Regions: E=young(eden), S=young(survivor), O=old, HS=humongous(starts), HC=humongous(continues), CS=collection set, F=free, TAMS=top-at-mark-start, PB=parsable bottom
|   0|0x00000000a1e00000, 0x00000000a1f00000, 0x00000000a1f00000|100%|HS|  |TAMS 0x00000000a1e00000| PB 0x00000000a1e00000| Complete |  0
|   1|0x00000000a1f00000, 0x00000000a2000000, 0x00000000a2000000|100%|HS|  |TAMS 0x00000000a1f00000| PB 0x00000000a1f00000| Complete |  0
|   2|0x00000000a2000000, 0x00000000a2000000, 0x00000000a2100000|  0%| F|  |TAMS 0x00000000a2000000| PB 0x00000000a2000000| Untracked |  0
|   3|0x00000000a2100000, 0x00000000a2100000, 0x00000000a2200000|  0%| F|  |TAMS 0x00000000a2100000| PB 0x00000000a2100000| Untracked |  0
|   4|0x00000000a2200000, 0x00000000a2200000, 0x00000000a2300000|  0%| F|  |TAMS 0x00000000a2200000| PB 0x00000000a2200000| Untracked |  0
|   5|0x00000000a2300000, 0x00000000a2300000, 0x00000000a2400000|  0%| F|  |TAMS 0x00000000a2300000| PB 0x00000000a2300000| Untracked |  0
|   6|0x00000000a2400000, 0x00000000a2400000, 0x00000000a2500000|  0%| F|  |TAMS 0x00000000a2400000| PB 0x00000000a2400000| Untracked |  0
|   7|0x00000000a2500000, 0x00000000a2500000, 0x00000000a2600000|  0%| F|  |TAMS 0x00000000a2500000| PB 0x00000000a2500000| Untracked |  0
|   8|0x00000000a2600000, 0x00000000a2600000, 0x00000000a2700000|  0%| F|  |TAMS 0x00000000a2600000| PB 0x00000000a2600000| Untracked |  0
|   9|0x00000000a2700000, 0x00000000a2700000, 0x00000000a2800000|  0%| F|  |TAMS 0x00000000a2700000| PB 0x00000000a2700000| Untracked |  0
|  10|0x00000000a2800000, 0x00000000a2800000, 0x00000000a2900000|  0%| F|  |TAMS 0x00000000a2800000| PB 0x00000000a2800000| Untracked |  0
|  11|0x00000000a2900000, 0x00000000a2900000, 0x00000000a2a00000|  0%| F|  |TAMS 0x00000000a2900000| PB 0x00000000a2900000| Untracked |  0
|  12|0x00000000a2a00000, 0x00000000a2a00000, 0x00000000a2b00000|  0%| F|  |TAMS 0x00000000a2a00000| PB 0x00000000a2a00000| Untracked |  0
|  13|0x00000000a2b00000, 0x00000000a2b00000, 0x00000000a2c00000|  0%| F|  |TAMS 0x00000000a2b00000| PB 0x00000000a2b00000| Untracked |  0
|  14|0x00000000a2c00000, 0x00000000a2c00000, 0x00000000a2d00000|  0%| F|  |TAMS 0x00000000a2c00000| PB 0x00000000a2c00000| Untracked |  0
|  15|0x00000000a2d00000, 0x00000000a2d00000, 0x00000000a2e00000|  0%| F|  |TAMS 0x00000000a2d00000| PB 0x00000000a2d00000| Untracked |  0
|  16|0x00000000a2e00000, 0x00000000a2e00000, 0x00000000a2f00000|  0%| F|  |TAMS 0x00000000a2e00000| PB 0x00000000a2e00000| Untracked |  0
|  17|0x00000000a2f00000, 0x00000000a2f00000, 0x00000000a3000000|  0%| F|  |TAMS 0x00000000a2f00000| PB 0x00000000a2f00000| Untracked |  0
|  18|0x00000000a3000000, 0x00000000a3000000, 0x00000000a3100000|  0%| F|  |TAMS 0x00000000a3000000| PB 0x00000000a3000000| Untracked |  0
|  19|0x00000000a3100000, 0x00000000a3100000, 0x00000000a3200000|  0%| F|  |TAMS 0x00000000a3100000| PB 0x00000000a3100000| Untracked |  0
|  20|0x00000000a3200000, 0x00000000a3200000, 0x00000000a3300000|  0%| F|  |TAMS 0x00000000a3200000| PB 0x00000000a3200000| Untracked |  0
|  21|0x00000000a3300000, 0x00000000a3300000, 0x00000000a3400000|  0%| F|  |TAMS 0x00000000a3300000| PB 0x00000000a3300000| Untracked |  0
|  22|0x00000000a3400000, 0x00000000a3400000, 0x00000000a3500000|  0%| F|  |TAMS 0x00000000a3400000| PB 0x00000000a3400000| Untracked |  0
|  23|0x00000000a3500000, 0x00000000a3500000, 0x00000000a3600000|  0%| F|  |TAMS 0x00000000a3500000| PB 0x00000000a3500000| Untracked |  0
|  24|0x00000000a3600000, 0x00000000a3600000, 0x00000000a3700000|  0%| F|  |TAMS 0x00000000a3600000| PB 0x00000000a3600000| Untracked |  0
|  25|0x00000000a3700000, 0x00000000a3700000, 0x00000000a3800000|  0%| F|  |TAMS 0x00000000a3700000| PB 0x00000000a3700000| Untracked |  0
|  26|0x00000000a3800000, 0x00000000a3800000, 0x00000000a3900000|  0%| F|  |TAMS 0x00000000a3800000| PB 0x00000000a3800000| Untracked |  0
|  27|0x00000000a3900000, 0x00000000a3900000, 0x00000000a3a00000|  0%| F|  |TAMS 0x00000000a3900000| PB 0x00000000a3900000| Untracked |  0
|  28|0x00000000a3a00000, 0x00000000a3a00000, 0x00000000a3b00000|  0%| F|  |TAMS 0x00000000a3a00000| PB 0x00000000a3a00000| Untracked |  0
|  29|0x00000000a3b00000, 0x00000000a3b00000, 0x00000000a3c00000|  0%| F|  |TAMS 0x00000000a3b00000| PB 0x00000000a3b00000| Untracked |  0
|  30|0x00000000a3c00000, 0x00000000a3c00000, 0x00000000a3d00000|  0%| F|  |TAMS 0x00000000a3c00000| PB 0x00000000a3c00000| Untracked |  0
|  31|0x00000000a3d00000, 0x00000000a3d00000, 0x00000000a3e00000|  0%| F|  |TAMS 0x00000000a3d00000| PB 0x00000000a3d00000| Untracked |  0
|  32|0x00000000a3e00000, 0x00000000a3e00000, 0x00000000a3f00000|  0%| F|  |TAMS 0x00000000a3e00000| PB 0x00000000a3e00000| Untracked |  0
|  33|0x00000000a3f00000, 0x00000000a3f00000, 0x00000000a4000000|  0%| F|  |TAMS 0x00000000a3f00000| PB 0x00000000a3f00000| Untracked |  0
|  34|0x00000000a4000000, 0x00000000a4000000, 0x00000000a4100000|  0%| F|  |TAMS 0x00000000a4000000| PB 0x00000000a4000000| Untracked |  0
|  35|0x00000000a4100000, 0x00000000a4100000, 0x00000000a4200000|  0%| F|  |TAMS 0x00000000a4100000| PB 0x00000000a4100000| Untracked |  0
|  36|0x00000000a4200000, 0x00000000a4200000, 0x00000000a4300000|  0%| F|  |TAMS 0x00000000a4200000| PB 0x00000000a4200000| Untracked |  0
|  37|0x00000000a4300000, 0x00000000a4300000, 0x00000000a4400000|  0%| F|  |TAMS 0x00000000a4300000| PB 0x00000000a4300000| Untracked |  0
|  38|0x00000000a4400000, 0x00000000a4400000, 0x00000000a4500000|  0%| F|  |TAMS 0x00000000a4400000| PB 0x00000000a4400000| Untracked |  0
|  39|0x00000000a4500000, 0x00000000a4500000, 0x00000000a4600000|  0%| F|  |TAMS 0x00000000a4500000| PB 0x00000000a4500000| Untracked |  0
|  40|0x00000000a4600000, 0x00000000a4600000, 0x00000000a4700000|  0%| F|  |TAMS 0x00000000a4600000| PB 0x00000000a4600000| Untracked |  0
|  41|0x00000000a4700000, 0x00000000a4700000, 0x00000000a4800000|  0%| F|  |TAMS 0x00000000a4700000| PB 0x00000000a4700000| Untracked |  0
|  42|0x00000000a4800000, 0x00000000a4800000, 0x00000000a4900000|  0%| F|  |TAMS 0x00000000a4800000| PB 0x00000000a4800000| Untracked |  0
|  43|0x00000000a4900000, 0x00000000a4900000, 0x00000000a4a00000|  0%| F|  |TAMS 0x00000000a4900000| PB 0x00000000a4900000| Untracked |  0
|  44|0x00000000a4a00000, 0x00000000a4a00000, 0x00000000a4b00000|  0%| F|  |TAMS 0x00000000a4a00000| PB 0x00000000a4a00000| Untracked |  0
|  45|0x00000000a4b00000, 0x00000000a4b00000, 0x00000000a4c00000|  0%| F|  |TAMS 0x00000000a4b00000| PB 0x00000000a4b00000| Untracked |  0
|  46|0x00000000a4c00000, 0x00000000a4c00000, 0x00000000a4d00000|  0%| F|  |TAMS 0x00000000a4c00000| PB 0x00000000a4c00000| Untracked |  0
|  47|0x00000000a4d00000, 0x00000000a4d00000, 0x00000000a4e00000|  0%| F|  |TAMS 0x00000000a4d00000| PB 0x00000000a4d00000| Untracked |  0
|  48|0x00000000a4e00000, 0x00000000a4e00000, 0x00000000a4f00000|  0%| F|  |TAMS 0x00000000a4e00000| PB 0x00000000a4e00000| Untracked |  0
|  49|0x00000000a4f00000, 0x00000000a4f00000, 0x00000000a5000000|  0%| F|  |TAMS 0x00000000a4f00000| PB 0x00000000a4f00000| Untracked |  0
|  50|0x00000000a5000000, 0x00000000a5000000, 0x00000000a5100000|  0%| F|  |TAMS 0x00000000a5000000| PB 0x00000000a5000000| Untracked |  0
|  51|0x00000000a5100000, 0x00000000a5100000, 0x00000000a5200000|  0%| F|  |TAMS 0x00000000a5100000| PB 0x00000000a5100000| Untracked |  0
|  52|0x00000000a5200000, 0x00000000a5200000, 0x00000000a5300000|  0%| F|  |TAMS 0x00000000a5200000| PB 0x00000000a5200000| Untracked |  0
|  53|0x00000000a5300000, 0x00000000a5300000, 0x00000000a5400000|  0%| F|  |TAMS 0x00000000a5300000| PB 0x00000000a5300000| Untracked |  0
|  54|0x00000000a5400000, 0x00000000a5400000, 0x00000000a5500000|  0%| F|  |TAMS 0x00000000a5400000| PB 0x00000000a5400000| Untracked |  0
|  55|0x00000000a5500000, 0x00000000a5500000, 0x00000000a5600000|  0%| F|  |TAMS 0x00000000a5500000| PB 0x00000000a5500000| Untracked |  0
|  56|0x00000000a5600000, 0x00000000a5600000, 0x00000000a5700000|  0%| F|  |TAMS 0x00000000a5600000| PB 0x00000000a5600000| Untracked |  0
|  57|0x00000000a5700000, 0x00000000a5700000, 0x00000000a5800000|  0%| F|  |TAMS 0x00000000a5700000| PB 0x00000000a5700000| Untracked |  0
|  58|0x00000000a5800000, 0x00000000a5800000, 0x00000000a5900000|  0%| F|  |TAMS 0x00000000a5800000| PB 0x00000000a5800000| Untracked |  0
|  59|0x00000000a5900000, 0x00000000a5900000, 0x00000000a5a00000|  0%| F|  |TAMS 0x00000000a5900000| PB 0x00000000a5900000| Untracked |  0
|  60|0x00000000a5a00000, 0x00000000a5a00000, 0x00000000a5b00000|  0%| F|  |TAMS 0x00000000a5a00000| PB 0x00000000a5a00000| Untracked |  0
|  61|0x00000000a5b00000, 0x00000000a5b00000, 0x00000000a5c00000|  0%| F|  |TAMS 0x00000000a5b00000| PB 0x00000000a5b00000| Untracked |  0
|  62|0x00000000a5c00000, 0x00000000a5c00000, 0x00000000a5d00000|  0%| F|  |TAMS 0x00000000a5c00000| PB 0x00000000a5c00000| Untracked |  0
|  63|0x00000000a5d00000, 0x00000000a5d00000, 0x00000000a5e00000|  0%| F|  |TAMS 0x00000000a5d00000| PB 0x00000000a5d00000| Untracked |  0
|  64|0x00000000a5e00000, 0x00000000a5e00000, 0x00000000a5f00000|  0%| F|  |TAMS 0x00000000a5e00000| PB 0x00000000a5e00000| Untracked |  0
|  65|0x00000000a5f00000, 0x00000000a5f00000, 0x00000000a6000000|  0%| F|  |TAMS 0x00000000a5f00000| PB 0x00000000a5f00000| Untracked |  0
|  66|0x00000000a6000000, 0x00000000a6000000, 0x00000000a6100000|  0%| F|  |TAMS 0x00000000a6000000| PB 0x00000000a6000000| Untracked |  0
|  67|0x00000000a6100000, 0x00000000a6100000, 0x00000000a6200000|  0%| F|  |TAMS 0x00000000a6100000| PB 0x00000000a6100000| Untracked |  0
|  68|0x00000000a6200000, 0x00000000a6200000, 0x00000000a6300000|  0%| F|  |TAMS 0x00000000a6200000| PB 0x00000000a6200000| Untracked |  0
|  69|0x00000000a6300000, 0x00000000a6300000, 0x00000000a6400000|  0%| F|  |TAMS 0x00000000a6300000| PB 0x00000000a6300000| Untracked |  0
|  70|0x00000000a6400000, 0x00000000a6400000, 0x00000000a6500000|  0%| F|  |TAMS 0x00000000a6400000| PB 0x00000000a6400000| Untracked |  0
|  71|0x00000000a6500000, 0x00000000a6500000, 0x00000000a6600000|  0%| F|  |TAMS 0x00000000a6500000| PB 0x00000000a6500000| Untracked |  0
|  72|0x00000000a6600000, 0x00000000a6600000, 0x00000000a6700000|  0%| F|  |TAMS 0x00000000a6600000| PB 0x00000000a6600000| Untracked |  0
|  73|0x00000000a6700000, 0x00000000a6700000, 0x00000000a6800000|  0%| F|  |TAMS 0x00000000a6700000| PB 0x00000000a6700000| Untracked |  0
|  74|0x00000000a6800000, 0x00000000a6800000, 0x00000000a6900000|  0%| F|  |TAMS 0x00000000a6800000| PB 0x00000000a6800000| Untracked |  0
|  75|0x00000000a6900000, 0x00000000a6900000, 0x00000000a6a00000|  0%| F|  |TAMS 0x00000000a6900000| PB 0x00000000a6900000| Untracked |  0
|  76|0x00000000a6a00000, 0x00000000a6a00000, 0x00000000a6b00000|  0%| F|  |TAMS 0x00000000a6a00000| PB 0x00000000a6a00000| Untracked |  0
|  77|0x00000000a6b00000, 0x00000000a6b00000, 0x00000000a6c00000|  0%| F|  |TAMS 0x00000000a6b00000| PB 0x00000000a6b00000| Untracked |  0
|  78|0x00000000a6c00000, 0x00000000a6c00000, 0x00000000a6d00000|  0%| F|  |TAMS 0x00000000a6c00000| PB 0x00000000a6c00000| Untracked |  0
|  79|0x00000000a6d00000, 0x00000000a6d00000, 0x00000000a6e00000|  0%| F|  |TAMS 0x00000000a6d00000| PB 0x00000000a6d00000| Untracked |  0
|  80|0x00000000a6e00000, 0x00000000a6e00000, 0x00000000a6f00000|  0%| F|  |TAMS 0x00000000a6e00000| PB 0x00000000a6e00000| Untracked |  0
|  81|0x00000000a6f00000, 0x00000000a6f00000, 0x00000000a7000000|  0%| F|  |TAMS 0x00000000a6f00000| PB 0x00000000a6f00000| Untracked |  0
|  82|0x00000000a7000000, 0x00000000a7000000, 0x00000000a7100000|  0%| F|  |TAMS 0x00000000a7000000| PB 0x00000000a7000000| Untracked |  0
|  83|0x00000000a7100000, 0x00000000a7200000, 0x00000000a7200000|100%| E|  |TAMS 0x00000000a7100000| PB 0x00000000a7100000| Complete |  0
|  84|0x00000000a7200000, 0x00000000a7300000, 0x00000000a7300000|100%| E|CS|TAMS 0x00000000a7200000| PB 0x00000000a7200000| Complete |  0
|  85|0x00000000a7300000, 0x00000000a7400000, 0x00000000a7400000|100%| E|CS|TAMS 0x00000000a7300000| PB 0x00000000a7300000| Complete |  0
|  86|0x00000000a7400000, 0x00000000a7500000, 0x00000000a7500000|100%| E|CS|TAMS 0x00000000a7400000| PB 0x00000000a7400000| Complete |  0
|  87|0x00000000a7500000, 0x00000000a7600000, 0x00000000a7600000|100%| E|CS|TAMS 0x00000000a7500000| PB 0x00000000a7500000| Complete |  0
|  88|0x00000000a7600000, 0x00000000a7700000, 0x00000000a7700000|100%| E|CS|TAMS 0x00000000a7600000| PB 0x00000000a7600000| Complete |  0
|  89|0x00000000a7700000, 0x00000000a7800000, 0x00000000a7800000|100%| E|CS|TAMS 0x00000000a7700000| PB 0x00000000a7700000| Complete |  0
|  90|0x00000000a7800000, 0x00000000a7900000, 0x00000000a7900000|100%| E|CS|TAMS 0x00000000a7800000| PB 0x00000000a7800000| Complete |  0
|  91|0x00000000a7900000, 0x00000000a7a00000, 0x00000000a7a00000|100%| E|CS|TAMS 0x00000000a7900000| PB 0x00000000a7900000| Complete |  0
|  92|0x00000000a7a00000, 0x00000000a7b00000, 0x00000000a7b00000|100%| E|CS|TAMS 0x00000000a7a00000| PB 0x00000000a7a00000| Complete |  0
|  93|0x00000000a7b00000, 0x00000000a7c00000, 0x00000000a7c00000|100%| E|CS|TAMS 0x00000000a7b00000| PB 0x00000000a7b00000| Complete |  0
|  94|0x00000000a7c00000, 0x00000000a7d00000, 0x00000000a7d00000|100%| E|CS|TAMS 0x00000000a7c00000| PB 0x00000000a7c00000| Complete |  0
|  95|0x00000000a7d00000, 0x00000000a7e00000, 0x00000000a7e00000|100%| E|CS|TAMS 0x00000000a7d00000| PB 0x00000000a7d00000| Complete |  0
|1504|0x00000000ffe00000, 0x00000000fff00000, 0x00000000fff00000|100%| O|  |TAMS 0x00000000ffe00000| PB 0x00000000ffe00000| Untracked |  0
|1505|0x00000000fff00000, 0x00000000fff1d1c0, 0x0000000100000000| 11%| O|  |TAMS 0x00000000fff00000| PB 0x00000000fff00000| Untracked |  0

Card table byte_map: [0x000001dd56b30000,0x000001dd56e30000] _byte_map_base: 0x000001dd56621000

Marking Bits: (CMBitMap*) 0x000001dd4b2de280
 Bits: [0x000001dd56e30000, 0x000001dd585b8000)

Polling page: 0x000001dd49120000

Metaspace:

Usage:
  Non-class:      1.98 MB used.
      Class:    207.31 KB used.
       Both:      2.18 MB used.

Virtual space:
  Non-class space:       64.00 MB reserved,       2.00 MB (  3%) committed,  1 nodes.
      Class space:        1.00 GB reserved,     320.00 KB ( <1%) committed,  1 nodes.
             Both:        1.06 GB reserved,       2.31 MB ( <1%) committed. 

Chunk freelists:
   Non-Class:  10.69 MB
       Class:  15.61 MB
        Both:  26.30 MB

MaxMetaspaceSize: unlimited
CompressedClassSpaceSize: 1.00 GB
Initial GC threshold: 21.00 MB
Current GC threshold: 21.00 MB
CDS: on
 - commit_granule_bytes: 65536.
 - commit_granule_words: 8192.
 - virtual_space_node_default_size: 8388608.
 - enlarge_chunks_in_place: 1.
UseCompressedClassPointers 1, UseCompactObjectHeaders 0
Narrow klass pointer bits 32, Max shift 3
Narrow klass base: 0x000001dd00000000, Narrow klass shift: 0
Encoding Range: [0x000001dd00000000 - 0x000001de00000000), (4294967296 bytes)
Klass Range:    [0x000001dd00000000 - 0x000001dd41000000), (1090519040 bytes)
Klass ID Range:  [8 - 1090519033) (1090519025)


Internal statistics:

num_allocs_failed_limit: 0.
num_arena_births: 40.
num_arena_deaths: 0.
num_vsnodes_births: 2.
num_vsnodes_deaths: 0.
num_space_committed: 37.
num_space_uncommitted: 0.
num_chunks_returned_to_freelist: 0.
num_chunks_taken_from_freelist: 118.
num_chunk_merges: 0.
num_chunk_splits: 73.
num_chunks_enlarged: 50.
num_inconsistent_stats: 0.

CodeCache: size=49152Kb used=3125Kb max_used=3125Kb free=46026Kb
 bounds [0x000001dd53b30000, 0x000001dd53e40000, 0x000001dd56b30000]
 total_blobs=1151, nmethods=744, adapters=332, full_count=0
Compilation: enabled, stopped_count=0, restarted_count=0

Compilation events (20 events):
Event: 1.809 Thread 0x000001dd5ab89140  735       1       java.lang.invoke.MethodHandles$Lookup::lookupClassOrNull (17 bytes)
Event: 1.809 Thread 0x000001dd5ab89140 nmethod 735 0x000001dd53e3a308 code [0x000001dd53e3a420, 0x000001dd53e3a520]
Event: 1.809 Thread 0x000001dd5ab89140  736       1       java.lang.Class::descriptorString (137 bytes)
Event: 1.810 Thread 0x000001dd45100500  737       1       java.lang.invoke.MemberName::isStatic (8 bytes)
Event: 1.810 Thread 0x000001dd45100500 nmethod 737 0x000001dd53e3aa08 code [0x000001dd53e3ab00, 0x000001dd53e3abe0]
Event: 1.811 Thread 0x000001dd5ab89140 nmethod 736 0x000001dd53e3ad08 code [0x000001dd53e3afe0, 0x000001dd53e3bbb8]
Event: 1.812 Thread 0x000001dd5ab89140  738       1       jdk.internal.classfile.impl.DirectClassBuilder::constantPool (5 bytes)
Event: 1.812 Thread 0x000001dd5ab89140 nmethod 738 0x000001dd53e3bd08 code [0x000001dd53e3be00, 0x000001dd53e3bec8]
Event: 1.812 Thread 0x000001dd5ab89140  739       1       java.lang.invoke.MemberName::flagsMods (45 bytes)
Event: 1.812 Thread 0x000001dd45100c90  740       1       java.lang.invoke.MemberName::init (53 bytes)
Event: 1.812 Thread 0x000001dd45100500  741       1       java.lang.invoke.MethodHandle::<init> (37 bytes)
Event: 1.812 Thread 0x000001dd5ab89140 nmethod 739 0x000001dd53e3c008 code [0x000001dd53e3c100, 0x000001dd53e3c1b0]
Event: 1.812 Thread 0x000001dd45100c90 nmethod 740 0x000001dd53e3c308 code [0x000001dd53e3c420, 0x000001dd53e3c5f8]
Event: 1.812 Thread 0x000001dd5ab89140  742       1       java.lang.invoke.LambdaForm::prepare (108 bytes)
Event: 1.812 Thread 0x000001dd45100c90  743       1       jdk.internal.classfile.impl.AbstractPoolEntry$AbstractNamedEntry::<init> (10 bytes)
Event: 1.812 Thread 0x000001dd45100c90 nmethod 743 0x000001dd53e3c608 code [0x000001dd53e3c720, 0x000001dd53e3c8a8]
Event: 1.812 Thread 0x000001dd45100c90  744       1       jdk.internal.classfile.impl.AbstractPoolEntry$AbstractRefEntry::<init> (24 bytes)
Event: 1.813 Thread 0x000001dd45100500 nmethod 741 0x000001dd53e3c908 code [0x000001dd53e3ca60, 0x000001dd53e3cd78]
Event: 1.813 Thread 0x000001dd5ab89140 nmethod 742 0x000001dd53e3ce08 code [0x000001dd53e3cf80, 0x000001dd53e3d290]
Event: 1.813 Thread 0x000001dd45100c90 nmethod 744 0x000001dd53e3d308 code [0x000001dd53e3d420, 0x000001dd53e3d600]

GC Heap History (0 events):
No events

Dll operation events (5 events):
Event: 0.031 Loaded shared library C:\Program Files\Java\jdk-24\bin\java.dll
Event: 0.343 Loaded shared library C:\Program Files\Java\jdk-24\bin\net.dll
Event: 0.350 Loaded shared library C:\Program Files\Java\jdk-24\bin\nio.dll
Event: 0.363 Loaded shared library C:\Program Files\Java\jdk-24\bin\zip.dll
Event: 0.710 Loaded shared library C:\Program Files\Java\jdk-24\bin\jimage.dll

Deoptimization events (0 events):
No events

Classes loaded (20 events):
Event: 1.805 Loading class java/lang/ClassValue$Version done
Event: 1.805 Loading class jdk/internal/loader/AbstractClassLoaderValue$Sub
Event: 1.805 Loading class jdk/internal/loader/AbstractClassLoaderValue$Sub done
Event: 1.806 Loading class java/lang/reflect/Proxy$ProxyBuilder
Event: 1.807 Loading class java/lang/reflect/Proxy$ProxyBuilder done
Event: 1.807 Loading class java/util/Collections$SingletonList
Event: 1.807 Loading class java/util/Collections$SingletonList done
Event: 1.807 Loading class java/lang/PublicMethods
Event: 1.808 Loading class java/lang/PublicMethods done
Event: 1.808 Loading class java/util/LinkedHashMap$LinkedValues
Event: 1.808 Loading class java/util/LinkedHashMap$LinkedValues done
Event: 1.808 Loading class java/util/LinkedHashMap$LinkedValueIterator
Event: 1.808 Loading class java/util/LinkedHashMap$LinkedValueIterator done
Event: 1.811 Loading class java/lang/WeakPairMap$Pair$Weak
Event: 1.811 Loading class java/lang/WeakPairMap$WeakRefPeer
Event: 1.811 Loading class java/lang/WeakPairMap$WeakRefPeer done
Event: 1.811 Loading class java/lang/WeakPairMap$Pair$Weak done
Event: 1.811 Loading class java/lang/WeakPairMap$Pair$Weak$1
Event: 1.811 Loading class java/lang/WeakPairMap$Pair$Weak$1 done
Event: 1.813 Loading class java/lang/reflect/Proxy$ProxyBuilder$ProxyClassContext

Classes unloaded (0 events):
No events

Classes redefined (0 events):
No events

Internal exceptions (6 events):
Event: 0.741 Thread 0x000001dd48e9d4c0 Exception <a 'java/lang/NoSuchMethodError'{0x00000000a763e878}: 'java.lang.Object java.lang.invoke.DirectMethodHandle$Holder.invokeStaticInit(java.lang.Object)'> (0x00000000a763e878) 
thrown [s\open\src\hotspot\share\interpreter\linkResolver.cpp, line 805]
Event: 0.820 Thread 0x000001dd48e9d4c0 Exception <a 'java/lang/NoSuchMethodError'{0x00000000a758c778}: 'java.lang.Object java.lang.invoke.DelegatingMethodHandle$Holder.reinvoke_L(java.lang.Object, java.lang.Object, java.lang.Object, long, java.lang.Object)'> (0x00000000a758c778) 
thrown [s\open\src\hotspot\share\interpreter\linkResolver.cpp, line 805]
Event: 0.824 Thread 0x000001dd48e9d4c0 Exception <a 'java/lang/NoSuchMethodError'{0x00000000a759cd70}: 'java.lang.Object java.lang.invoke.Invokers$Holder.linkToTargetMethod(java.lang.Object, long, java.lang.Object, java.lang.Object)'> (0x00000000a759cd70) 
thrown [s\open\src\hotspot\share\interpreter\linkResolver.cpp, line 805]
Event: 0.960 Thread 0x000001dd48e9d4c0 Exception <a 'java/lang/NoSuchMethodError'{0x00000000a734dfc0}: 'void java.lang.invoke.DirectMethodHandle$Holder.invokeStatic(java.lang.Object, java.lang.Object, java.lang.Object, java.lang.Object)'> (0x00000000a734dfc0) 
thrown [s\open\src\hotspot\share\interpreter\linkResolver.cpp, line 805]
Event: 1.747 Thread 0x000001dd48e9d4c0 Exception <a 'java/lang/NoSuchMethodError'{0x00000000a7294fa8}: 'int java.lang.invoke.DirectMethodHandle$Holder.invokeStaticInit(java.lang.Object, java.lang.Object)'> (0x00000000a7294fa8) 
thrown [s\open\src\hotspot\share\interpreter\linkResolver.cpp, line 805]
Event: 1.765 Thread 0x000001dd48e9d4c0 Exception <a 'java/lang/NoSuchMethodError'{0x00000000a72cca10}: 'void java.lang.invoke.DirectMethodHandle$Holder.invokeInterface(java.lang.Object, java.lang.Object, java.lang.Object, java.lang.Object)'> (0x00000000a72cca10) 
thrown [s\open\src\hotspot\share\interpreter\linkResolver.cpp, line 805]

VM Operations (2 events):
Event: 0.743 Executing VM operation: HandshakeAllThreads (Deoptimize)
Event: 0.743 Executing VM operation: HandshakeAllThreads (Deoptimize) done

Memory protections (0 events):
No events

Nmethod flushes (0 events):
No events

Events (12 events):
Event: 0.063 Thread 0x000001dd48e9d4c0 Thread added: 0x000001dd48e9d4c0
Event: 0.101 Thread 0x000001dd48e9d4c0 Thread added: 0x000001dd5ab6f290
Event: 0.102 Thread 0x000001dd48e9d4c0 Thread added: 0x000001dd5ab74ad0
Event: 0.103 Thread 0x000001dd48e9d4c0 Thread added: 0x000001dd5ab75600
Event: 0.103 Thread 0x000001dd48e9d4c0 Thread added: 0x000001dd5ab76130
Event: 0.103 Thread 0x000001dd48e9d4c0 Thread added: 0x000001dd5ab76c60
Event: 0.103 Thread 0x000001dd48e9d4c0 Thread added: 0x000001dd5ab829c0
Event: 0.103 Thread 0x000001dd48e9d4c0 Thread added: 0x000001dd5ab89140
Event: 0.323 Thread 0x000001dd48e9d4c0 Thread added: 0x000001dd5abf8330
Event: 0.331 Thread 0x000001dd48e9d4c0 Thread added: 0x000001dd5abfb5f0
Event: 0.467 Thread 0x000001dd5ab89140 Thread added: 0x000001dd45100500
Event: 0.468 Thread 0x000001dd5ab89140 Thread added: 0x000001dd45100c90


Dynamic libraries:
0x00007ff6dc440000 - 0x00007ff6dc450000 	C:\Program Files\Java\jdk-24\bin\java.exe
0x00007ffad8a80000 - 0x00007ffad8ce9000 	C:\WINDOWS\SYSTEM32\ntdll.dll
0x00007ffad7ab0000 - 0x00007ffad7b79000 	C:\WINDOWS\System32\KERNEL32.DLL
0x00007ffad5f90000 - 0x00007ffad6383000 	C:\WINDOWS\System32\KERNELBASE.dll
0x00007ffad65d0000 - 0x00007ffad671b000 	C:\WINDOWS\System32\ucrtbase.dll
0x00007ffacea70000 - 0x00007ffacea8b000 	C:\Program Files\Java\jdk-24\bin\VCRUNTIME140.dll
0x00007ffacea50000 - 0x00007ffacea66000 	C:\Program Files\Java\jdk-24\bin\jli.dll
0x00007ffad8730000 - 0x00007ffad88f4000 	C:\WINDOWS\System32\USER32.dll
0x00007ffad5cc0000 - 0x00007ffad5ce7000 	C:\WINDOWS\System32\win32u.dll
0x00007ffac3cf0000 - 0x00007ffac3f83000 	C:\WINDOWS\WinSxS\amd64_microsoft.windows.common-controls_6595b64144ccf1df_6.0.26100.5074_none_3e0d6f78e32fd63f\COMCTL32.dll
0x00007ffad7f00000 - 0x00007ffad7f2b000 	C:\WINDOWS\System32\GDI32.dll
0x00007ffad8650000 - 0x00007ffad86f9000 	C:\WINDOWS\System32\msvcrt.dll
0x00007ffad5cf0000 - 0x00007ffad5e1d000 	C:\WINDOWS\System32\gdi32full.dll
0x00007ffad5c10000 - 0x00007ffad5cb3000 	C:\WINDOWS\System32\msvcp_win.dll
0x00007ffad8a00000 - 0x00007ffad8a2f000 	C:\WINDOWS\System32\IMM32.DLL
0x00007ffacea40000 - 0x00007ffacea4c000 	C:\Program Files\Java\jdk-24\bin\vcruntime140_1.dll
0x00007ffaa9a80000 - 0x00007ffaa9b0e000 	C:\Program Files\Java\jdk-24\bin\msvcp140.dll
0x00007ffa62490000 - 0x00007ffa63232000 	C:\Program Files\Java\jdk-24\bin\server\jvm.dll
0x00007ffad81e0000 - 0x00007ffad8294000 	C:\WINDOWS\System32\ADVAPI32.dll
0x00007ffad8480000 - 0x00007ffad8526000 	C:\WINDOWS\System32\sechost.dll
0x00007ffad8530000 - 0x00007ffad8648000 	C:\WINDOWS\System32\RPCRT4.dll
0x00007ffad6a00000 - 0x00007ffad6a74000 	C:\WINDOWS\System32\WS2_32.dll
0x00007ffad5a70000 - 0x00007ffad5ace000 	C:\WINDOWS\SYSTEM32\POWRPROF.dll
0x00007ffacfdc0000 - 0x00007ffacfdf5000 	C:\WINDOWS\SYSTEM32\WINMM.dll
0x00007ffacfe00000 - 0x00007ffacfe0b000 	C:\WINDOWS\SYSTEM32\VERSION.dll
0x00007ffad5a50000 - 0x00007ffad5a64000 	C:\WINDOWS\SYSTEM32\UMPDC.dll
0x00007ffad49f0000 - 0x00007ffad4a0b000 	C:\WINDOWS\SYSTEM32\kernel.appcore.dll
0x00007fface9f0000 - 0x00007fface9fa000 	C:\Program Files\Java\jdk-24\bin\jimage.dll
0x00007ffad30b0000 - 0x00007ffad32f2000 	C:\WINDOWS\SYSTEM32\DBGHELP.DLL
0x00007ffad7b80000 - 0x00007ffad7efb000 	C:\WINDOWS\System32\combase.dll
0x00007ffad6ad0000 - 0x00007ffad6ba7000 	C:\WINDOWS\System32\OLEAUT32.dll
0x00007ffab4bc0000 - 0x00007ffab4bfd000 	C:\WINDOWS\SYSTEM32\dbgcore.DLL
0x00007ffad67b0000 - 0x00007ffad6849000 	C:\WINDOWS\System32\bcryptPrimitives.dll
0x00007fface140000 - 0x00007fface15e000 	C:\Program Files\Java\jdk-24\bin\java.dll
0x00007ffad7fa0000 - 0x00007ffad8138000 	C:\WINDOWS\System32\ole32.dll
0x00007ffad7360000 - 0x00007ffad7aad000 	C:\WINDOWS\System32\SHELL32.dll
0x00007ffad5e20000 - 0x00007ffad5f8c000 	C:\WINDOWS\System32\wintypes.dll
0x00007ffad38b0000 - 0x00007ffad4109000 	C:\WINDOWS\SYSTEM32\windows.storage.dll
0x00007ffad8900000 - 0x00007ffad89f0000 	C:\WINDOWS\System32\SHCORE.dll
0x00007ffad7f30000 - 0x00007ffad7f92000 	C:\WINDOWS\System32\shlwapi.dll
0x00007ffad5b30000 - 0x00007ffad5b59000 	C:\WINDOWS\SYSTEM32\profapi.dll
0x00007fface9e0000 - 0x00007fface9f0000 	C:\Program Files\Java\jdk-24\bin\net.dll
0x00007ffad4f70000 - 0x00007ffad4fdb000 	C:\WINDOWS\system32\mswsock.dll
0x00007ffac6760000 - 0x00007ffac6776000 	C:\Program Files\Java\jdk-24\bin\nio.dll
0x00007ffac54c0000 - 0x00007ffac54d7000 	C:\Program Files\Java\jdk-24\bin\zip.dll

JVMTI agents: none

dbghelp: loaded successfully - version: 4.0.5 - missing functions: none
symbol engine: initialized successfully - sym options: 0x614 - pdb path: .;C:\Program Files\Java\jdk-24\bin;C:\WINDOWS\SYSTEM32;C:\WINDOWS\WinSxS\amd64_microsoft.windows.common-controls_6595b64144ccf1df_6.0.26100.5074_none_3e0d6f78e32fd63f;C:\Program Files\Java\jdk-24\bin\server

VM Arguments:
jvm_args: -XX:TieredStopAtLevel=1 
java_command: com.LAAS.project_backend.ProjectBackendApplication
java_class_path (initial): C:\Users\trish\Downloads\project-backend\target\classes;C:\Users\trish\.m2\repository\ch\qos\logback\logback-classic\1.5.18\logback-classic-1.5.18.jar;C:\Users\trish\.m2\repository\ch\qos\logback\logback-core\1.5.18\logback-core-1.5.18.jar;C:\Users\trish\.m2\repository\org\apache\logging\log4j\log4j-to-slf4j\2.24.3\log4j-to-slf4j-2.24.3.jar;C:\Users\trish\.m2\repository\org\apache\logging\log4j\log4j-api\2.24.3\log4j-api-2.24.3.jar;C:\Users\trish\.m2\repository\org\slf4j\jul-to-slf4j\2.0.17\jul-to-slf4j-2.0.17.jar;C:\Users\trish\.m2\repository\jakarta\annotation\jakarta.annotation-api\2.1.1\jakarta.annotation-api-2.1.1.jar;C:\Users\trish\.m2\repository\org\yaml\snakeyaml\2.4\snakeyaml-2.4.jar;C:\Users\trish\.m2\repository\com\zaxxer\HikariCP\6.3.2\HikariCP-6.3.2.jar;C:\Users\trish\.m2\repository\org\springframework\spring-jdbc\6.2.10\spring-jdbc-6.2.10.jar;C:\Users\trish\.m2\repository\org\hibernate\orm\hibernate-core\6.6.26.Final\hibernate-core-6.6.26.Final.jar;C:\Users\trish\.m2\repository\jakarta\persistence\jakarta.persistence-api\3.1.0\jakarta.persistence-api-3.1.0.jar;C:\Users\trish\.m2\repository\jakarta\transaction\jakarta.transaction-api\2.0.1\jakarta.transaction-api-2.0.1.jar;C:\Users\trish\.m2\repository\org\jboss\logging\jboss-logging\3.6.1.Final\jboss-logging-3.6.1.Final.jar;C:\Users\trish\.m2\repository\org\hibernate\common\hibernate-commons-annotations\7.0.3.Final\hibernate-commons-annotations-7.0.3.Final.jar;C:\Users\trish\.m2\repository\io\smallrye\jandex\3.2.0\jandex-3.2.0.jar;C:\Users\trish\.m2\repository\com\fasterxml\classmate\1.7.0\classmate-1.7.0.jar;C:\Users\trish\.m2\repository\net\bytebuddy\byte-buddy\1.17.7\byte-buddy-1.17.7.jar;C:\Users\trish\.m2\repository\org\glassfish\jaxb\jaxb-runtime\4.0.5\jaxb-runtime-4.0.5.jar;C:\Users\trish\.m2\repository\org\glassfish\jaxb\jaxb-core\4.0.5\jaxb-core-4.0.5.jar;C:\Users\trish\.m2\repository\org\eclipse\angus\angus-activation\2.0.2\angus-activation-2.0.2.jar;C:\Users\trish\.m2\repository\org\glassfish\jaxb\txw2\4.0.5\txw2-4.0.5.jar;C:\Users\trish\.m2\repository\com\sun\istack\istack-commons-runtime\4.1.2\istack-commons-runtime-4.1.2.jar;C:\Users\trish\.m2\repository\jakarta\inject\jakarta.inject-api\2.0.1\jakarta.inject-api-2.0.1.jar;C:\Users\trish\.m2\repository\org\antlr\antlr4-runtime\4.13.0\antlr4-runtime-4.13.0.jar;C:\Users\trish\.m2\repository\org\springframework\data\spring-data-jpa\3.5.3\spring-data-jpa-3.5.3.jar;C:\Users\trish\.m2\repository\org\springframework\data\spring-data-commons\3.5.3\spring-data-commons-3.5.3.jar;C:\Users\trish\.m2\repository\org\springframework\spring-orm\6.2.10\spring-orm-6.2.10.jar;C:\Users\trish\.m2\repository\org\springframework\spring-context\6.2.10\spring-context-6.2.10.jar;C:\Users\trish\.m2\repository\org\springframework\spring-tx\6.2.10\spring-tx-6.2.10.jar;C:\Users\trish\.m2\repository\org\springframework\spring-beans\6.2.10\spring-beans-6.2.10.jar;C:\Users\trish\.m2\repository\org\slf4j\slf4j-api\2.0.17\slf4j-api-2.0.17.jar;C:\Users\trish\.m2\repository\org\springframework\spring-aspects\6.2.10\spring-aspects-6.2.10.jar;C:\Users\trish\.m2\repository\org\aspectj\aspectjweaver\1.9.24\aspectjweaver-1.9.24.jar;C:\Users\trish\.m2\repository\org\springframework\spring-aop\6.2.10\spring-aop-6.2.10.jar;C:\Users\trish\.m2\repository\org\springframework\security\spring-security-config\6.5.3\spring-security-config-6.5.3.jar;C:\Users\trish\.m2\repository\org\springframework\security\spring-security-web\6.5.3\spring-security-web-6.5.3.jar;C:\Users\trish\.m2\repository\org\springframework\spring-expression\6.2.10\spring-expression-6.2.10.jar;C:\Users\trish\.m2\repository\com\fasterxml\jackson\datatype\jackson-datatype-jdk8\2.19.2\jackson-datatype-jdk8-2.19.2.jar;C:\Users\trish\.m2\repository\com\fasterxml\jackson\datatype\jackson-datatype-jsr310\2.19.2\jackson-datatype-jsr310-2.19.2.jar;C:\Users\trish\.m2\repository\com\fasterxml\jackson\module\jackson-module-parameter-names\2.19.2\jackson-module-parameter-names-2.19.2.jar;C:\Users\trish\.m2\repository\org\apache\tomcat\embed\tomcat-embed-core\10.1.44\tomcat-embed-core-10.1.44.jar;C:\Users\trish\.m2\repository\org\apache\tomcat\embed\tomcat-embed-websocket\10.1.44\tomcat-embed-websocket-10.1.44.jar;C:\Users\trish\.m2\repository\org\springframework\spring-web\6.2.10\spring-web-6.2.10.jar;C:\Users\trish\.m2\repository\io\micrometer\micrometer-observation\1.15.3\micrometer-observation-1.15.3.jar;C:\Users\trish\.m2\repository\io\micrometer\micrometer-commons\1.15.3\micrometer-commons-1.15.3.jar;C:\Users\trish\.m2\repository\org\springframework\spring-webmvc\6.2.10\spring-webmvc-6.2.10.jar;C:\Users\trish\.m2\repository\org\apache\tomcat\embed\tomcat-embed-el\10.1.44\tomcat-embed-el-10.1.44.jar;C:\Users\trish\.m2\repository\org\hibernate\validator\hibernate-validator\8.0.3.Final\hibernate-validator-8.0.3.Final.jar;C:\Users\trish\.m2\repository\jakarta\validation\jakarta.validation-api\3.0.2\jakarta.validation-api-3.0.2.jar;C:\Users\trish\.m2\repository\org\springframework\boot\spring-boot-devtools\3.5.5\spring-boot-devtools-3.5.5.jar;C:\Users\trish\.m2\repository\org\springframework\boot\spring-boot\3.5.5\spring-boot-3.5.5.jar;C:\Users\trish\.m2\repository\org\springframework\boot\spring-boot-autoconfigure\3.5.5\spring-boot-autoconfigure-3.5.5.jar;C:\Users\trish\.m2\repository\jakarta\xml\bind\jakarta.xml.bind-api\4.0.2\jakarta.xml.bind-api-4.0.2.jar;C:\Users\trish\.m2\repository\jakarta\activation\jakarta.activation-api\2.1.3\jakarta.activation-api-2.1.3.jar;C:\Users\trish\.m2\repository\org\springframework\spring-core\6.2.10\spring-core-6.2.10.jar;C:\Users\trish\.m2\repository\org\springframework\spring-jcl\6.2.10\spring-jcl-6.2.10.jar;C:\Users\trish\.m2\repository\org\springframework\security\spring-security-core\6.5.3\spring-security-core-6.5.3.jar;C:\Users\trish\.m2\repository\org\springframework\security\spring-security-crypto\6.5.3\spring-security-crypto-6.5.3.jar;C:\Users\trish\.m2\repository\io\jsonwebtoken\jjwt-api\0.11.5\jjwt-api-0.11.5.jar;C:\Users\trish\.m2\repository\io\jsonwebtoken\jjwt-impl\0.11.5\jjwt-impl-0.11.5.jar;C:\Users\trish\.m2\repository\io\jsonwebtoken\jjwt-jackson\0.11.5\jjwt-jackson-0.11.5.jar;C:\Users\trish\.m2\repository\com\fasterxml\jackson\core\jackson-databind\2.19.2\jackson-databind-2.19.2.jar;C:\Users\trish\.m2\repository\com\fasterxml\jackson\core\jackson-annotations\2.19.2\jackson-annotations-2.19.2.jar;C:\Users\trish\.m2\repository\com\fasterxml\jackson\core\jackson-core\2.19.2\jackson-core-2.19.2.jar;C:\Users\trish\.m2\repository\com\mysql\mysql-connector-j\9.4.0\mysql-connector-j-9.4.0.jar
Launcher Type: SUN_STANDARD

[Global flags]
     intx CICompilerCount                          = 3                                         {product} {ergonomic}
     uint ConcGCThreads                            = 1                                         {product} {ergonomic}
     uint G1ConcRefinementThreads                  = 4                                         {product} {ergonomic}
   size_t G1HeapRegionSize                         = 1048576                                   {product} {ergonomic}
   size_t InitialHeapSize                          = 100663296                                 {product} {ergonomic}
   size_t MarkStackSize                            = 4194304                                   {product} {ergonomic}
   size_t MarkStackSizeMax                         = 536870912                                 {product} {ergonomic}
   size_t MaxHeapSize                              = 1579155456                                {product} {ergonomic}
   size_t MaxNewSize                               = 946864128                                 {product} {ergonomic}
   size_t MinHeapDeltaBytes                        = 1048576                                   {product} {ergonomic}
   size_t MinHeapSize                              = 8388608                                   {product} {ergonomic}
    uintx NonNMethodCodeHeapSize                   = 4096                                   {pd product} {ergonomic}
    uintx NonProfiledCodeHeapSize                  = 0                                      {pd product} {ergonomic}
     bool ProfileInterpreter                       = false                                  {pd product} {command line}
    uintx ProfiledCodeHeapSize                     = 0                                      {pd product} {ergonomic}
   size_t SoftMaxHeapSize                          = 1579155456                             {manageable} {ergonomic}
     intx TieredStopAtLevel                        = 1                                         {product} {command line}
     bool UseCompressedOops                        = true                           {product lp64_product} {ergonomic}
     bool UseG1GC                                  = true                                      {product} {ergonomic}
     bool UseLargePagesIndividualAllocation        = false                                  {pd product} {ergonomic}

Logging:
Log output configuration:
 #0: stdout all=warning uptime,level,tags foldmultilines=false
 #1: stderr all=off uptime,level,tags foldmultilines=false

Environment Variables:
PATH=C:\Program Files\Common Files\Oracle\Java\javapath;C:\WINDOWS\system32;C:\WINDOWS;C:\WINDOWS\System32\Wbem;C:\WINDOWS\System32\WindowsPowerShell\v1.0\;C:\WINDOWS\System32\OpenSSH\;C:\Users\trish\AppData\Local\Programs\Python\Python311\Scripts;C:\Users\trish\AppData\Local\Programs\Python\Python311;C:\Users\trish\AppData\Local\Programs\Python\Python310\Scripts;C:\ProgramData\chocolatey\bin;C:\Users\trish\AppData\Local\Programs\Python\Python310;C:\Users\trish\Downloads\apache-maven-3.9.11-bin\apache-maven-3.9.11\bin;C:\Program Files\MySQL\MySQL Server 8.0\bin;C:\Program Files\MySQL\MySQL Server 8.0;C:\Program Files\nodejs\;C:\Users\trish\AppData\Local\Microsoft\WindowsApps;D:\project\Java\Java\jdk1.7.0\bin;C:\Users\trish\AppData\Local\Programs\Python\Python310\Scripts;C:\Users\trish\AppData\Local\Programs\Python\Python310\;;C:\Program Files\JetBrains\IntelliJ IDEA Community Edition 2024.2.6\bin;;C:\Users\trish\AppData\Local\Programs\Microsoft VS Code\bin;C:\Users\trish\AppData\Roaming\npm
USERNAME=trish
OS=Windows_NT
PROCESSOR_IDENTIFIER=AMD64 Family 23 Model 24 Stepping 1, AuthenticAMD
TMP=C:\Users\trish\AppData\Local\Temp
TEMP=C:\Users\trish\AppData\Local\Temp




Periodic native trim disabled

---------------  S Y S T E M  ---------------

OS:
 Windows 11 , 64 bit Build 26100 (10.0.26100.5074)
OS uptime: 8 days 10:04 hours

CPU: total 4 (initial active 4) (4 cores per cpu, 2 threads per core) family 23 model 24 stepping 1 microcode 0x8108102, cx8, cmov, fxsr, ht, mmx, 3dnowpref, sse, sse2, sse3, ssse3, sse4a, sse4.1, sse4.2, popcnt, lzcnt, tsc, tscinvbit, avx, avx2, aes, clmul, bmi1, bmi2, adx, sha, fma, vzeroupper, clflush, clflushopt, rdtscp, f16c
Processor Information for the first 4 processors :
  Max Mhz: 2600, Current Mhz: 2600, Mhz Limit: 2600

Memory: 4k page, system-wide physical 6020M (423M free)
TotalPageFile size 16020M (AvailPageFile size 4M)
current process WorkingSet (physical memory assigned to process): 60M, peak: 60M
current process commit charge ("private bytes"): 177M, peak: 177M

vm_info: Java HotSpot(TM) 64-Bit Server VM (24.0.1+9-30) for windows-amd64 JRE (24.0.1+9-30), built on 2025-03-05T07:23:45Z with MS VC++ 17.6 (VS2022)

END.
