#
# There is insufficient memory for the Java Runtime Environment to continue.
# Native memory allocation (mmap) failed to map 100663296 bytes. Error detail: G1 virtual space
# Possible reasons:
#   The system is out of physical RAM or swap space
#   This process is running with CompressedOops enabled, and the Java Heap may be blocking the growth of the native heap
# Possible solutions:
#   Reduce memory load on the system
#   Increase physical memory or swap space
#   Check if swap backing store is full
#   Decrease Java heap size (-Xmx/-Xms)
#   Decrease number of Java threads
#   Decrease Java thread stack sizes (-Xss)
#   Set larger code cache with -XX:ReservedCodeCacheSize=
#   JVM is running with Unscaled Compressed Oops mode in which the Java heap is
#     placed in the first 4GB address space. The Java Heap base address is the
#     maximum limit for the native heap growth. Please use -XX:HeapBaseMinAddress
#     to set the Java Heap base and to place the Java Heap above 4GB virtual address.
# This output file may be truncated or incomplete.
#
#  Out of Memory Error (os_windows.cpp:3564), pid=16396, tid=19896
#
# JRE version:  (24.0.1+9) (build )
# Java VM: Java HotSpot(TM) 64-Bit Server VM (24.0.1+9-30, mixed mode, sharing, tiered, compressed oops, compressed class ptrs, g1 gc, windows-amd64)
# No core dump will be written. Minidumps are not enabled by default on client versions of Windows
#

---------------  S U M M A R Y ------------

Command Line: -Dnet.bytebuddy.agent.attacher.dump= net.bytebuddy.agent.Attacher com.sun.tools.attach.VirtualMachine 23712 C:\Users\trish\.m2\repository\net\bytebuddy\byte-buddy-agent\1.17.7\byte-buddy-agent-1.17.7.jar false 

Host: AMD Ryzen 3 3200U with Radeon Vega Mobile Gfx  , 4 cores, 5G,  Windows 11 , 64 bit Build 26100 (10.0.26100.5074)
Time: Sun Sep  7 21:45:20 2025 India Standard Time elapsed time: 0.762370 seconds (0d 0h 0m 0s)

---------------  T H R E A D  ---------------

Current thread (0x00000248cbc84530):  JavaThread "Unknown thread" [_thread_in_vm, id=19896, stack(0x000000644e700000,0x000000644e800000) (1024K)]

Stack: [0x000000644e700000,0x000000644e800000]
Native frames: (J=compiled Java code, j=interpreted, Vv=VM code, C=native code)
V  [jvm.dll+0x730739]  (no source info available)
V  [jvm.dll+0x8d9b23]  (no source info available)
V  [jvm.dll+0x8dc00d]  (no source info available)
V  [jvm.dll+0x8dc683]  (no source info available)
V  [jvm.dll+0x2aa086]  (no source info available)
V  [jvm.dll+0x72cc65]  (no source info available)
V  [jvm.dll+0x72059a]  (no source info available)
V  [jvm.dll+0x390cea]  (no source info available)
V  [jvm.dll+0x3989f6]  (no source info available)
V  [jvm.dll+0x38523e]  (no source info available)
V  [jvm.dll+0x3854f8]  (no source info available)
V  [jvm.dll+0x35d0cc]  (no source info available)
V  [jvm.dll+0x35dd8d]  (no source info available)
V  [jvm.dll+0x89d28f]  (no source info available)
V  [jvm.dll+0x3f985d]  (no source info available)
V  [jvm.dll+0x8858e6]  (no source info available)
V  [jvm.dll+0x495f3e]  (no source info available)
V  [jvm.dll+0x497d11]  (no source info available)
C  [jli.dll+0x52a1]  (no source info available)
C  [ucrtbase.dll+0x37b0]  (no source info available)
C  [KERNEL32.DLL+0x2e8d7]  (no source info available)
C  [ntdll.dll+0x8d9c]  (no source info available)

Lock stack of current Java thread (top to bottom):


---------------  P R O C E S S  ---------------

Threads class SMR info:
_java_thread_list=0x00007ffa6c29f318, length=0, elements={
}

Java Threads: ( => current thread )
Total: 0

Other Threads:
  0x00000248cdfe1720 WorkerThread "GC Thread#0"                     [id=30284, stack(0x000000644e800000,0x000000644e900000) (1024K)]
  0x00000248cdff31c0 ConcurrentGCThread "G1 Main Marker"            [id=20784, stack(0x000000644e900000,0x000000644ea00000) (1024K)]
  0x00000248cdff5480 WorkerThread "G1 Conc#0"                       [id=16012, stack(0x000000644ea00000,0x000000644eb00000) (1024K)]

[error occurred during error reporting (printing all threads), id 0xc0000005, EXCEPTION_ACCESS_VIOLATION (0xc0000005) at pc=0x00007ffa6b9d14ea]
VM state: not at safepoint (not fully initialized)

VM Mutex/Monitor currently owned by a thread:  ([mutex/lock_event])
[0x00007ffa6c3245b0] Heap_lock - owner thread: 0x00000248cbc84530

Heap address: 0x00000000a1e00000, size: 1506 MB, Compressed Oops mode: 32-bit

CDS archive(s) mapped at: [0x0000000000000000-0x0000000000000000-0x0000000000000000), size 0, SharedBaseAddress: 0x0000000800000000, ArchiveRelocationMode: 1.
UseCompressedClassPointers 1, UseCompactObjectHeaders 0
Narrow klass pointer bits 32, Max shift 3
Narrow klass base: 0xffffffffffffffff, Narrow klass shift: -1
Encoding Range: [0xffffffffffffffff - 0x000000007fffffff), (2147483648 bytes)
Klass Range:    [0x0000000000000000 - 0x0000000000000000), (0 bytes)
Klass ID Range:  [4294967295 - 0) (1)

GC Precious Log:
 CardTable entry size: 512
 Card Set container configuration: InlinePtr #cards 5 size 8 Array Of Cards #cards 10 size 36 Howl #buckets 4 coarsen threshold 1843 Howl Bitmap #cards 512 size 80 coarsen threshold 460 Card regions per heap region 1 cards per card region 2048

Heap:
 garbage-first heap   total reserved 1542144K, committed 0K, used 0K [0x00000000a1e00000, 0x0000000100000000)
  region size 1024K, 0 young (0K), 0 survivors (0K)

[error occurred during error reporting (printing heap information), id 0xc0000005, EXCEPTION_ACCESS_VIOLATION (0xc0000005) at pc=0x00007ffa6bdee3e9]
GC Heap History (0 events):
No events

Dll operation events (1 events):
Event: 0.022 Loaded shared library C:\Program Files\Java\jdk-24\bin\java.dll

Deoptimization events (0 events):
No events

Classes loaded (0 events):
No events

Classes unloaded (0 events):
No events

Classes redefined (0 events):
No events

Internal exceptions (0 events):
No events

VM Operations (0 events):
No events

Memory protections (0 events):
No events

Nmethod flushes (0 events):
No events

Events (0 events):
No events


Dynamic libraries:
0x00007ff635500000 - 0x00007ff635510000 	C:\Program Files\Java\jdk-24\bin\java.exe
0x00007ffad8a80000 - 0x00007ffad8ce9000 	C:\WINDOWS\SYSTEM32\ntdll.dll
0x00007ffad7ab0000 - 0x00007ffad7b79000 	C:\WINDOWS\System32\KERNEL32.DLL
0x00007ffad5f90000 - 0x00007ffad6383000 	C:\WINDOWS\System32\KERNELBASE.dll
0x00007ffad65d0000 - 0x00007ffad671b000 	C:\WINDOWS\System32\ucrtbase.dll
0x00007ffaada90000 - 0x00007ffaadaab000 	C:\Program Files\Java\jdk-24\bin\VCRUNTIME140.dll
0x00007ffaada70000 - 0x00007ffaada86000 	C:\Program Files\Java\jdk-24\bin\jli.dll
0x00007ffad8730000 - 0x00007ffad88f4000 	C:\WINDOWS\System32\USER32.dll
0x00007ffad5cc0000 - 0x00007ffad5ce7000 	C:\WINDOWS\System32\win32u.dll
0x00007ffad7f00000 - 0x00007ffad7f2b000 	C:\WINDOWS\System32\GDI32.dll
0x00007ffad5cf0000 - 0x00007ffad5e1d000 	C:\WINDOWS\System32\gdi32full.dll
0x00007ffad5c10000 - 0x00007ffad5cb3000 	C:\WINDOWS\System32\msvcp_win.dll
0x00007ffac3cf0000 - 0x00007ffac3f83000 	C:\WINDOWS\WinSxS\amd64_microsoft.windows.common-controls_6595b64144ccf1df_6.0.26100.5074_none_3e0d6f78e32fd63f\COMCTL32.dll
0x00007ffad8650000 - 0x00007ffad86f9000 	C:\WINDOWS\System32\msvcrt.dll
0x00007ffad8a00000 - 0x00007ffad8a2f000 	C:\WINDOWS\System32\IMM32.DLL
0x00007ffacf2c0000 - 0x00007ffacf2cc000 	C:\Program Files\Java\jdk-24\bin\vcruntime140_1.dll
0x00007ffa94d60000 - 0x00007ffa94dee000 	C:\Program Files\Java\jdk-24\bin\msvcp140.dll
0x00007ffa6b660000 - 0x00007ffa6c402000 	C:\Program Files\Java\jdk-24\bin\server\jvm.dll
0x00007ffad81e0000 - 0x00007ffad8294000 	C:\WINDOWS\System32\ADVAPI32.dll
0x00007ffad8480000 - 0x00007ffad8526000 	C:\WINDOWS\System32\sechost.dll
0x00007ffad8530000 - 0x00007ffad8648000 	C:\WINDOWS\System32\RPCRT4.dll
0x00007ffad6a00000 - 0x00007ffad6a74000 	C:\WINDOWS\System32\WS2_32.dll
0x00007ffad5a70000 - 0x00007ffad5ace000 	C:\WINDOWS\SYSTEM32\POWRPROF.dll
0x00007ffacfdc0000 - 0x00007ffacfdf5000 	C:\WINDOWS\SYSTEM32\WINMM.dll
0x00007ffacfe00000 - 0x00007ffacfe0b000 	C:\WINDOWS\SYSTEM32\VERSION.dll
0x00007ffad5a50000 - 0x00007ffad5a64000 	C:\WINDOWS\SYSTEM32\UMPDC.dll
0x00007ffad49f0000 - 0x00007ffad4a0b000 	C:\WINDOWS\SYSTEM32\kernel.appcore.dll
0x00007fface9c0000 - 0x00007fface9ca000 	C:\Program Files\Java\jdk-24\bin\jimage.dll
0x00007ffad30b0000 - 0x00007ffad32f2000 	C:\WINDOWS\SYSTEM32\DBGHELP.DLL
0x00007ffad7b80000 - 0x00007ffad7efb000 	C:\WINDOWS\System32\combase.dll
0x00007ffad6ad0000 - 0x00007ffad6ba7000 	C:\WINDOWS\System32\OLEAUT32.dll
0x00007ffab4bc0000 - 0x00007ffab4bfd000 	C:\WINDOWS\SYSTEM32\dbgcore.DLL
0x00007ffad67b0000 - 0x00007ffad6849000 	C:\WINDOWS\System32\bcryptPrimitives.dll
0x00007ffa9cd00000 - 0x00007ffa9cd1e000 	C:\Program Files\Java\jdk-24\bin\java.dll
0x00007ffad7fa0000 - 0x00007ffad8138000 	C:\WINDOWS\System32\ole32.dll
0x00007ffad7360000 - 0x00007ffad7aad000 	C:\WINDOWS\System32\SHELL32.dll
0x00007ffad5e20000 - 0x00007ffad5f8c000 	C:\WINDOWS\System32\wintypes.dll

JVMTI agents: none

dbghelp: loaded successfully - version: 4.0.5 - missing functions: none
symbol engine: initialized successfully - sym options: 0x614 - pdb path: .;C:\Program Files\Java\jdk-24\bin;C:\WINDOWS\SYSTEM32;C:\WINDOWS\WinSxS\amd64_microsoft.windows.common-controls_6595b64144ccf1df_6.0.26100.5074_none_3e0d6f78e32fd63f;C:\Program Files\Java\jdk-24\bin\server

VM Arguments:
jvm_args: -Dnet.bytebuddy.agent.attacher.dump= 
java_command: net.bytebuddy.agent.Attacher com.sun.tools.attach.VirtualMachine 23712 C:\Users\trish\.m2\repository\net\bytebuddy\byte-buddy-agent\1.17.7\byte-buddy-agent-1.17.7.jar false 
java_class_path (initial): C:\Users\trish\.m2\repository\net\bytebuddy\byte-buddy-agent\1.17.7\byte-buddy-agent-1.17.7.jar
Launcher Type: SUN_STANDARD

[Global flags]
     intx CICompilerCount                          = 3                                         {product} {ergonomic}
     uint ConcGCThreads                            = 1                                         {product} {ergonomic}
     uint G1ConcRefinementThreads                  = 4                                         {product} {ergonomic}
   size_t G1HeapRegionSize                         = 1048576                                   {product} {ergonomic}
   size_t InitialHeapSize                          = 100663296                                 {product} {ergonomic}
   size_t MarkStackSize                            = 4194304                                   {product} {ergonomic}
   size_t MarkStackSizeMax                         = 536870912                                 {product} {ergonomic}
   size_t MaxHeapSize                              = 1579155456                                {product} {ergonomic}
   size_t MinHeapDeltaBytes                        = 1048576                                   {product} {ergonomic}
   size_t MinHeapSize                              = 8388608                                   {product} {ergonomic}
    uintx NonNMethodCodeHeapSize                   = 5832704                                {pd product} {ergonomic}
    uintx NonProfiledCodeHeapSize                  = 122945536                              {pd product} {ergonomic}
    uintx ProfiledCodeHeapSize                     = 122880000                              {pd product} {ergonomic}
    uintx ReservedCodeCacheSize                    = 251658240                              {pd product} {ergonomic}
     bool SegmentedCodeCache                       = true                                      {product} {ergonomic}
   size_t SoftMaxHeapSize                          = 1579155456                             {manageable} {ergonomic}
     bool UseCompressedOops                        = true                           {product lp64_product} {ergonomic}
     bool UseG1GC                                  = true                                      {product} {ergonomic}
     bool UseLargePagesIndividualAllocation        = false                                  {pd product} {ergonomic}

Logging:
Log output configuration:
 #0: stdout all=warning uptime,level,tags foldmultilines=false
 #1: stderr all=off uptime,level,tags foldmultilines=false

Environment Variables:
PATH=C:\Program Files\Common Files\Oracle\Java\javapath;C:\WINDOWS\system32;C:\WINDOWS;C:\WINDOWS\System32\Wbem;C:\WINDOWS\System32\WindowsPowerShell\v1.0\;C:\WINDOWS\System32\OpenSSH\;C:\Users\trish\AppData\Local\Programs\Python\Python311\Scripts;C:\Users\trish\AppData\Local\Programs\Python\Python311;C:\Users\trish\AppData\Local\Programs\Python\Python310\Scripts;C:\ProgramData\chocolatey\bin;C:\Users\trish\AppData\Local\Programs\Python\Python310;C:\Users\trish\Downloads\apache-maven-3.9.11-bin\apache-maven-3.9.11\bin;C:\Program Files\MySQL\MySQL Server 8.0\bin;C:\Program Files\MySQL\MySQL Server 8.0;C:\Program Files\nodejs\;C:\Users\trish\AppData\Local\Microsoft\WindowsApps;D:\project\Java\Java\jdk1.7.0\bin;C:\Users\trish\AppData\Local\Programs\Python\Python310\Scripts;C:\Users\trish\AppData\Local\Programs\Python\Python310\;;C:\Program Files\JetBrains\IntelliJ IDEA Community Edition 2024.2.6\bin;;C:\Users\trish\AppData\Local\Programs\Microsoft VS Code\bin;C:\Users\trish\AppData\Roaming\npm
USERNAME=trish
OS=Windows_NT
PROCESSOR_IDENTIFIER=AMD64 Family 23 Model 24 Stepping 1, AuthenticAMD
TMP=C:\Users\trish\AppData\Local\Temp
TEMP=C:\Users\trish\AppData\Local\Temp




Periodic native trim disabled

---------------  S Y S T E M  ---------------

OS:
 Windows 11 , 64 bit Build 26100 (10.0.26100.5074)
OS uptime: 7 days 19:59 hours

CPU: total 4 (initial active 4) (4 cores per cpu, 2 threads per core) family 23 model 24 stepping 1 microcode 0x8108102, cx8, cmov, fxsr, ht, mmx, 3dnowpref, sse, sse2, sse3, ssse3, sse4a, sse4.1, sse4.2, popcnt, lzcnt, tsc, tscinvbit, avx, avx2, aes, clmul, bmi1, bmi2, adx, sha, fma, vzeroupper, clflush, clflushopt, rdtscp, f16c
Processor Information for the first 4 processors :
  Max Mhz: 2600, Current Mhz: 2600, Mhz Limit: 2600

Memory: 4k page, system-wide physical 6020M (610M free)
TotalPageFile size 16020M (AvailPageFile size 100M)
current process WorkingSet (physical memory assigned to process): 13M, peak: 13M
current process commit charge ("private bytes"): 52M, peak: 148M

vm_info: Java HotSpot(TM) 64-Bit Server VM (24.0.1+9-30) for windows-amd64 JRE (24.0.1+9-30), built on 2025-03-05T07:23:45Z with MS VC++ 17.6 (VS2022)

END.
